2017-09-22 18:01:15.600 [restartedMain] INFO 
				c.c.c.in.CharterApplicationMainClass.logStarting - Starting CharterApplicationMainClass on DIN35004454 with PID 5176 (C:\Users\ykumar10\Documents\workspace-sts-3.8.4.RELEASE\Charter-Application-rest-spring-boot-jpa-logback-impl\target\classes started by ykumar10 in C:\Users\ykumar10\Documents\workspace-sts-3.8.4.RELEASE\Charter-Application-rest-spring-boot-jpa-logback-impl)
2017-09-22 18:01:15.601 [restartedMain] DEBUG
				c.c.c.in.CharterApplicationMainClass.logStarting - Running with Spring Boot v1.5.6.RELEASE, Spring v4.3.10.RELEASE
2017-09-22 18:01:15.602 [restartedMain] INFO 
				c.c.c.in.CharterApplicationMainClass.logStartupProfileInfo - No active profile set, falling back to default profiles: default
2017-09-22 18:01:17.802 [restartedMain] INFO 
				c.c.c.in.CharterApplicationMainClass.logStarted - Started CharterApplicationMainClass in 2.258 seconds (JVM running for 311.451)
2017-09-22 18:01:51.552 [http-nio-3000-exec-8] INFO 
				c.c.c.i.c.SpringCourseController.getAllTopics - Server Port value from Properties file=      3000
2017-09-22 18:01:51.554 [http-nio-3000-exec-8] INFO 
				c.c.c.i.c.SpringCourseController.getAllTopics - Spring Security value from Properties file=  false
2017-09-22 18:01:51.554 [http-nio-3000-exec-8] INFO 
				c.c.c.i.c.SpringCourseController.getAllTopics - Spring.datasource value from Properties file= jdbc:mysql://localhost:3306/springbootdb
2017-09-22 18:01:51.555 [http-nio-3000-exec-8] DEBUG
				c.c.c.i.c.SpringCourseController.getAllTopics - Called getAllTopics() Method Request...!!!!!!!
2017-09-22 18:01:54.546 [http-nio-3000-exec-4] INFO 
				c.c.c.i.c.SpringCourseController.getAllTopics - Server Port value from Properties file=      3000
2017-09-22 18:01:54.547 [http-nio-3000-exec-4] INFO 
				c.c.c.i.c.SpringCourseController.getAllTopics - Spring Security value from Properties file=  false
2017-09-22 18:01:54.548 [http-nio-3000-exec-4] INFO 
				c.c.c.i.c.SpringCourseController.getAllTopics - Spring.datasource value from Properties file= jdbc:mysql://localhost:3306/springbootdb
2017-09-22 18:01:54.549 [http-nio-3000-exec-4] DEBUG
				c.c.c.i.c.SpringCourseController.getAllTopics - Called getAllTopics() Method Request...!!!!!!!
